This file contains any messages produced by compilers while
running configure, to aid debugging if configure makes a mistake.

It was created by uiohook configure 2.0.0, which was
generated by GNU Autoconf 2.69.  Invocation command line was

  $ ./configure 

## --------- ##
## Platform. ##
## --------- ##

hostname = slime
uname -m = x86_64
uname -r = 4.4.49-16-default
uname -s = Linux
uname -v = #1 SMP Sun Feb 19 17:40:35 UTC 2017 (70e9954)

/usr/bin/uname -p = x86_64
/bin/uname -X     = unknown

/bin/arch              = x86_64
/usr/bin/arch -k       = unknown
/usr/convex/getsysinfo = unknown
/usr/bin/hostinfo      = unknown
/bin/machine           = unknown
/usr/bin/oslevel       = unknown
/bin/universe          = unknown

PATH: /usr/local/lib/node_modules/npm/node_modules/npm-lifecycle/node-gyp-bin
PATH: /home/slime3251/nodejs/Project/hookStream/iohook/node_modules/.bin
PATH: /home/slime3251/rpi/tools/arm-bcm2708/gcc-linaro-arm-linux-gnueabihf-raspbian/bin
PATH: /home/slime3251/anaconda3/bin
PATH: /home/slime3251/.cargo/bin
PATH: /home/slime3251/rpi/tools/arm-bcm2708/gcc-linaro-arm-linux-gnueabihf-raspbian/bin
PATH: /home/slime3251/anaconda3/bin
PATH: /home/slime3251/.sdkman/candidates/maven/current/bin
PATH: /home/slime3251/.sdkman/candidates/kotlin/current/bin
PATH: /home/slime3251/.sdkman/candidates/java/current/bin
PATH: /home/slime3251/.sdkman/candidates/groovy/current/bin
PATH: /home/slime3251/.sdkman/candidates/gradle/current/bin
PATH: /home/slime3251/bin
PATH: /usr/local/bin
PATH: /usr/bin
PATH: /bin
PATH: /usr/bin/X11
PATH: /usr/games


## ----------- ##
## Core tests. ##
## ----------- ##

configure:2371: loading site script /usr/share/site/x86_64-unknown-linux-gnu
| #!/bin/sh
| # Site script for configure. It is resourced via $CONFIG_SITE environment varaible.
| 
| # If user did not specify libdir, guess the correct target:
| # Use lib64 for 64 bit bi-arch targets, keep the default for the rest.
| if test "$libdir" = '${exec_prefix}/lib' ; then
| 
| 	ac_config_site_64bit_host=NONE
| 
| 	case "$host" in
| 	"" )
| 		# User did not specify host target.
| 		# The native platform x86_64 is a bi-arch platform.
| 		# Try to detect cross-compilation to inferior architecture.
| 
| 		# We are trying to guess 32-bit target compilation. It's not as easy as
| 		# it sounds, as there is possible several intermediate combinations.
| 		ac_config_site_cross_to_32bit_host=NONE
| 
| 		# User defined -m32 in CFLAGS or CXXFLAGS or CC or CXX:
| 		# (It's sufficient for 32-bit, but alone may cause mis-behavior of some checks.)
| 		case "$CFLAGS $CXXFLAGS $CC $CXX" in
| 		*-m32*)
| 			ac_config_site_cross_to_32bit_host=YES
| 			;;
| 		esac
| 
| 		# Running with linux32:
| 		# (Changes detected platform, but not the toolchain target.)
| 		case "`/bin/uname -i`" in
| 		x86_64 | ppc64 | s390x )
| 			;;
| 		* )
| 			ac_config_site_cross_to_32bit_host=YES
| 			;;
| 		esac
| 
| 		if test "x$ac_config_site_cross_to_32bit_host" = xNONE; then
| 			ac_config_site_64bit_host=YES
| 		fi
| 
| 		;;
| 	*x86_64* | *ppc64* | *s390x* )
| 		ac_config_site_64bit_host=YES
| 		;;
| 	esac
| 
| 	if test "x$ac_config_site_64bit_host" = xYES; then
| 		libdir='${exec_prefix}/lib64'
| 	fi
| fi
| 
| # If user did not specify libexecdir, set the correct target:
| # Nor FHS nor openSUSE allow prefix/libexec. Let's default to prefix/lib.
| 
| if test "$libexecdir" = '${exec_prefix}/libexec' ; then
| 	libexecdir='${exec_prefix}/lib'
| fi
| 
| # Continue with the standard behavior of configure defined in AC_SITE_LOAD:
| if test "x$prefix" != xNONE; then
| 	ac_site_file1=$prefix/share/config.site
| 	ac_site_file2=$prefix/etc/config.site
| else
| 	ac_site_file1=$ac_default_prefix/share/config.site
| 	ac_site_file2=$ac_default_prefix/etc/config.site
| fi
| for ac_site_file in "$ac_site_file1" "$ac_site_file2"
| do
| 	test "x$ac_site_file" = xNONE && continue
| 	if test /dev/null != "$ac_site_file" && test -r "$ac_site_file"; then
| 		{ $as_echo "/usr/share/site/x86_64-unknown-linux-gnu:${as_lineno-$LINENO}: loading site script $ac_site_file" >&5
| $as_echo "/usr/share/site/x86_64-unknown-linux-gnu: loading site script $ac_site_file" >&6;}
| 		sed 's/^/| /' "$ac_site_file" >&5
| 		. "$ac_site_file" \
| 			|| { { $as_echo "/usr/share/site/x86_64-unknown-linux-gnu:${as_lineno-$LINENO}: error: in \`$ac_pwd':" >&5
| $as_echo "/usr/share/site/x86_64-unknown-linux-gnu: error: in \`$ac_pwd':" >&2;}
| as_fn_error $? "failed to load site script $ac_site_file
| See \`config.log' for more details" "$LINENO" 5; }
| 	fi
| done
configure:2511: checking build system type
configure:2525: result: x86_64-suse-linux-gnu
configure:2545: checking host system type
configure:2558: result: x86_64-suse-linux-gnu
configure:2579: checking target system type
configure:2592: result: x86_64-suse-linux-gnu
configure:2636: checking for a BSD-compatible install
configure:2704: result: /usr/bin/install -c
configure:2715: checking whether build environment is sane
configure:2770: result: yes
configure:2921: checking for a thread-safe mkdir -p
configure:2960: result: /usr/bin/mkdir -p
configure:2967: checking for gawk
configure:2983: found /usr/bin/gawk
configure:2994: result: gawk
configure:3005: checking whether make sets $(MAKE)
configure:3027: result: yes
configure:3056: checking whether make supports nested variables
configure:3073: result: yes
configure:3207: checking for gcc
configure:3223: found /usr/bin/gcc
configure:3234: result: gcc
configure:3463: checking for C compiler version
configure:3472: gcc --version >&5
gcc (SUSE Linux) 4.8.5
Copyright (C) 2015 Free Software Foundation, Inc.
This is free software; see the source for copying conditions.  There is NO
warranty; not even for MERCHANTABILITY or FITNESS FOR A PARTICULAR PURPOSE.

configure:3483: $? = 0
configure:3472: gcc -v >&5
Using built-in specs.
COLLECT_GCC=gcc
COLLECT_LTO_WRAPPER=/usr/lib64/gcc/x86_64-suse-linux/4.8/lto-wrapper
Target: x86_64-suse-linux
Configured with: ../configure --prefix=/usr --infodir=/usr/share/info --mandir=/usr/share/man --libdir=/usr/lib64 --libexecdir=/usr/lib64 --enable-languages=c,c++,objc,fortran,obj-c++,java,ada --enable-checking=release --with-gxx-include-dir=/usr/include/c++/4.8 --enable-ssp --disable-libssp --disable-plugin --with-bugurl=http://bugs.opensuse.org/ --with-pkgversion='SUSE Linux' --disable-libgcj --disable-libmudflap --with-slibdir=/lib64 --with-system-zlib --enable-__cxa_atexit --enable-libstdcxx-allocator=new --disable-libstdcxx-pch --enable-version-specific-runtime-libs --enable-linker-build-id --enable-linux-futex --program-suffix=-4.8 --without-system-libunwind --with-arch-32=i586 --with-tune=generic --build=x86_64-suse-linux --host=x86_64-suse-linux
Thread model: posix
gcc version 4.8.5 (SUSE Linux) 
configure:3483: $? = 0
configure:3472: gcc -V >&5
gcc: error: unrecognized command line option '-V'
gcc: fatal error: no input files
compilation terminated.
configure:3483: $? = 1
configure:3472: gcc -qversion >&5
gcc: error: unrecognized command line option '-qversion'
gcc: fatal error: no input files
compilation terminated.
configure:3483: $? = 1
configure:3503: checking whether the C compiler works
configure:3525: gcc    conftest.c  >&5
configure:3529: $? = 0
configure:3577: result: yes
configure:3580: checking for C compiler default output file name
configure:3582: result: a.out
configure:3588: checking for suffix of executables
configure:3595: gcc -o conftest    conftest.c  >&5
configure:3599: $? = 0
configure:3621: result: 
configure:3643: checking whether we are cross compiling
configure:3651: gcc -o conftest    conftest.c  >&5
configure:3655: $? = 0
configure:3662: ./conftest
configure:3666: $? = 0
configure:3681: result: no
configure:3686: checking for suffix of object files
configure:3708: gcc -c   conftest.c >&5
configure:3712: $? = 0
configure:3733: result: o
configure:3737: checking whether we are using the GNU C compiler
configure:3756: gcc -c   conftest.c >&5
configure:3756: $? = 0
configure:3765: result: yes
configure:3774: checking whether gcc accepts -g
configure:3794: gcc -c -g  conftest.c >&5
configure:3794: $? = 0
configure:3835: result: yes
configure:3852: checking for gcc option to accept ISO C89
configure:3915: gcc  -c -g -O2  conftest.c >&5
configure:3915: $? = 0
configure:3928: result: none needed
configure:3959: checking for style of include used by make
configure:3987: result: GNU
configure:4013: checking dependency style of gcc
configure:4124: result: gcc3
configure:4189: checking for ar
configure:4205: found /usr/bin/ar
configure:4216: result: ar
configure:4242: checking the archiver (ar) interface
configure:4252: gcc -c -g -O2  conftest.c >&5
configure:4252: $? = 0
configure:4254: ar cru libconftest.a conftest.o >&5
configure:4257: $? = 0
configure:4280: result: ar
configure:4308: checking for gcc option to accept ISO C99
configure:4457: gcc  -c -g -O2  conftest.c >&5
conftest.c:61:29: error: expected ';', ',' or ')' before 'text'
 test_restrict (ccp restrict text)
                             ^
conftest.c: In function 'main':
conftest.c:115:18: error: expected '=', ',', ';', 'asm' or '__attribute__' before 'newvar'
   char *restrict newvar = "Another string";
                  ^
conftest.c:115:18: error: 'newvar' undeclared (first use in this function)
conftest.c:115:18: note: each undeclared identifier is reported only once for each function it appears in
conftest.c:125:3: error: 'for' loop initial declarations are only allowed in C99 mode
   for (int i = 0; i < ia->datasize; ++i)
   ^
conftest.c:125:3: note: use option -std=c99 or -std=gnu99 to compile your code
configure:4457: $? = 1
configure: failed program was:
| /* confdefs.h */
| #define PACKAGE_NAME "uiohook"
| #define PACKAGE_TARNAME "uiohook"
| #define PACKAGE_VERSION "2.0.0"
| #define PACKAGE_STRING "uiohook 2.0.0"
| #define PACKAGE_BUGREPORT "alex@1stleg.com"
| #define PACKAGE_URL ""
| #define PACKAGE "uiohook"
| #define VERSION "2.0.0"
| /* end confdefs.h.  */
| #include <stdarg.h>
| #include <stdbool.h>
| #include <stdlib.h>
| #include <wchar.h>
| #include <stdio.h>
| 
| // Check varargs macros.  These examples are taken from C99 6.10.3.5.
| #define debug(...) fprintf (stderr, __VA_ARGS__)
| #define showlist(...) puts (#__VA_ARGS__)
| #define report(test,...) ((test) ? puts (#test) : printf (__VA_ARGS__))
| static void
| test_varargs_macros (void)
| {
|   int x = 1234;
|   int y = 5678;
|   debug ("Flag");
|   debug ("X = %d\n", x);
|   showlist (The first, second, and third items.);
|   report (x>y, "x is %d but y is %d", x, y);
| }
| 
| // Check long long types.
| #define BIG64 18446744073709551615ull
| #define BIG32 4294967295ul
| #define BIG_OK (BIG64 / BIG32 == 4294967297ull && BIG64 % BIG32 == 0)
| #if !BIG_OK
|   your preprocessor is broken;
| #endif
| #if BIG_OK
| #else
|   your preprocessor is broken;
| #endif
| static long long int bignum = -9223372036854775807LL;
| static unsigned long long int ubignum = BIG64;
| 
| struct incomplete_array
| {
|   int datasize;
|   double data[];
| };
| 
| struct named_init {
|   int number;
|   const wchar_t *name;
|   double average;
| };
| 
| typedef const char *ccp;
| 
| static inline int
| test_restrict (ccp restrict text)
| {
|   // See if C++-style comments work.
|   // Iterate through items via the restricted pointer.
|   // Also check for declarations in for loops.
|   for (unsigned int i = 0; *(text+i) != '\0'; ++i)
|     continue;
|   return 0;
| }
| 
| // Check varargs and va_copy.
| static void
| test_varargs (const char *format, ...)
| {
|   va_list args;
|   va_start (args, format);
|   va_list args_copy;
|   va_copy (args_copy, args);
| 
|   const char *str;
|   int number;
|   float fnumber;
| 
|   while (*format)
|     {
|       switch (*format++)
| 	{
| 	case 's': // string
| 	  str = va_arg (args_copy, const char *);
| 	  break;
| 	case 'd': // int
| 	  number = va_arg (args_copy, int);
| 	  break;
| 	case 'f': // float
| 	  fnumber = va_arg (args_copy, double);
| 	  break;
| 	default:
| 	  break;
| 	}
|     }
|   va_end (args_copy);
|   va_end (args);
| }
| 
| int
| main ()
| {
| 
|   // Check bool.
|   _Bool success = false;
| 
|   // Check restrict.
|   if (test_restrict ("String literal") == 0)
|     success = true;
|   char *restrict newvar = "Another string";
| 
|   // Check varargs.
|   test_varargs ("s, d' f .", "string", 65, 34.234);
|   test_varargs_macros ();
| 
|   // Check flexible array members.
|   struct incomplete_array *ia =
|     malloc (sizeof (struct incomplete_array) + (sizeof (double) * 10));
|   ia->datasize = 10;
|   for (int i = 0; i < ia->datasize; ++i)
|     ia->data[i] = i * 1.234;
| 
|   // Check named initializers.
|   struct named_init ni = {
|     .number = 34,
|     .name = L"Test wide string",
|     .average = 543.34343,
|   };
| 
|   ni.number = 58;
| 
|   int dynamic_array[ni.number];
|   dynamic_array[ni.number - 1] = 543;
| 
|   // work around unused variable warnings
|   return (!success || bignum == 0LL || ubignum == 0uLL || newvar[0] == 'x'
| 	  || dynamic_array[ni.number - 1] != 543);
| 
|   ;
|   return 0;
| }
configure:4457: gcc -std=gnu99 -c -g -O2  conftest.c >&5
configure:4457: $? = 0
configure:4477: result: -std=gnu99
configure:4487: checking for an ANSI C-conforming const
configure:4553: gcc -std=gnu99 -c -g -O2  conftest.c >&5
configure:4553: $? = 0
configure:4560: result: yes
configure:4573: checking how to run the C preprocessor
configure:4604: gcc -std=gnu99 -E  conftest.c
configure:4604: $? = 0
configure:4618: gcc -std=gnu99 -E  conftest.c
conftest.c:11:28: fatal error: ac_nonexistent.h: No such file or directory
 #include <ac_nonexistent.h>
                            ^
compilation terminated.
configure:4618: $? = 1
configure: failed program was:
| /* confdefs.h */
| #define PACKAGE_NAME "uiohook"
| #define PACKAGE_TARNAME "uiohook"
| #define PACKAGE_VERSION "2.0.0"
| #define PACKAGE_STRING "uiohook 2.0.0"
| #define PACKAGE_BUGREPORT "alex@1stleg.com"
| #define PACKAGE_URL ""
| #define PACKAGE "uiohook"
| #define VERSION "2.0.0"
| /* end confdefs.h.  */
| #include <ac_nonexistent.h>
configure:4643: result: gcc -std=gnu99 -E
configure:4663: gcc -std=gnu99 -E  conftest.c
configure:4663: $? = 0
configure:4677: gcc -std=gnu99 -E  conftest.c
conftest.c:11:28: fatal error: ac_nonexistent.h: No such file or directory
 #include <ac_nonexistent.h>
                            ^
compilation terminated.
configure:4677: $? = 1
configure: failed program was:
| /* confdefs.h */
| #define PACKAGE_NAME "uiohook"
| #define PACKAGE_TARNAME "uiohook"
| #define PACKAGE_VERSION "2.0.0"
| #define PACKAGE_STRING "uiohook 2.0.0"
| #define PACKAGE_BUGREPORT "alex@1stleg.com"
| #define PACKAGE_URL ""
| #define PACKAGE "uiohook"
| #define VERSION "2.0.0"
| /* end confdefs.h.  */
| #include <ac_nonexistent.h>
configure:4706: checking for grep that handles long lines and -e
configure:4764: result: /usr/bin/grep
configure:4769: checking for egrep
configure:4831: result: /usr/bin/grep -E
configure:4836: checking for ANSI C header files
configure:4856: gcc -std=gnu99 -c -g -O2  conftest.c >&5
configure:4856: $? = 0
configure:4929: gcc -std=gnu99 -o conftest -g -O2   conftest.c  >&5
configure:4929: $? = 0
configure:4929: ./conftest
configure:4929: $? = 0
configure:4940: result: yes
configure:4953: checking for sys/types.h
configure:4953: gcc -std=gnu99 -c -g -O2  conftest.c >&5
configure:4953: $? = 0
configure:4953: result: yes
configure:4953: checking for sys/stat.h
configure:4953: gcc -std=gnu99 -c -g -O2  conftest.c >&5
configure:4953: $? = 0
configure:4953: result: yes
configure:4953: checking for stdlib.h
configure:4953: gcc -std=gnu99 -c -g -O2  conftest.c >&5
configure:4953: $? = 0
configure:4953: result: yes
configure:4953: checking for string.h
configure:4953: gcc -std=gnu99 -c -g -O2  conftest.c >&5
configure:4953: $? = 0
configure:4953: result: yes
configure:4953: checking for memory.h
configure:4953: gcc -std=gnu99 -c -g -O2  conftest.c >&5
configure:4953: $? = 0
configure:4953: result: yes
configure:4953: checking for strings.h
configure:4953: gcc -std=gnu99 -c -g -O2  conftest.c >&5
configure:4953: $? = 0
configure:4953: result: yes
configure:4953: checking for inttypes.h
configure:4953: gcc -std=gnu99 -c -g -O2  conftest.c >&5
configure:4953: $? = 0
configure:4953: result: yes
configure:4953: checking for stdint.h
configure:4953: gcc -std=gnu99 -c -g -O2  conftest.c >&5
configure:4953: $? = 0
configure:4953: result: yes
configure:4953: checking for unistd.h
configure:4953: gcc -std=gnu99 -c -g -O2  conftest.c >&5
configure:4953: $? = 0
configure:4953: result: yes
configure:4965: checking for stdbool.h that conforms to C99
configure:5032: gcc -std=gnu99 -c -g -O2  conftest.c >&5
configure:5032: $? = 0
configure:5039: result: yes
configure:5041: checking for _Bool
configure:5041: gcc -std=gnu99 -c -g -O2  conftest.c >&5
configure:5041: $? = 0
configure:5041: gcc -std=gnu99 -c -g -O2  conftest.c >&5
conftest.c: In function 'main':
conftest.c:57:20: error: expected expression before ')' token
 if (sizeof ((_Bool)))
                    ^
configure:5041: $? = 1
configure: failed program was:
| /* confdefs.h */
| #define PACKAGE_NAME "uiohook"
| #define PACKAGE_TARNAME "uiohook"
| #define PACKAGE_VERSION "2.0.0"
| #define PACKAGE_STRING "uiohook 2.0.0"
| #define PACKAGE_BUGREPORT "alex@1stleg.com"
| #define PACKAGE_URL ""
| #define PACKAGE "uiohook"
| #define VERSION "2.0.0"
| #define STDC_HEADERS 1
| #define HAVE_SYS_TYPES_H 1
| #define HAVE_SYS_STAT_H 1
| #define HAVE_STDLIB_H 1
| #define HAVE_STRING_H 1
| #define HAVE_MEMORY_H 1
| #define HAVE_STRINGS_H 1
| #define HAVE_INTTYPES_H 1
| #define HAVE_STDINT_H 1
| #define HAVE_UNISTD_H 1
| /* end confdefs.h.  */
| #include <stdio.h>
| #ifdef HAVE_SYS_TYPES_H
| # include <sys/types.h>
| #endif
| #ifdef HAVE_SYS_STAT_H
| # include <sys/stat.h>
| #endif
| #ifdef STDC_HEADERS
| # include <stdlib.h>
| # include <stddef.h>
| #else
| # ifdef HAVE_STDLIB_H
| #  include <stdlib.h>
| # endif
| #endif
| #ifdef HAVE_STRING_H
| # if !defined STDC_HEADERS && defined HAVE_MEMORY_H
| #  include <memory.h>
| # endif
| # include <string.h>
| #endif
| #ifdef HAVE_STRINGS_H
| # include <strings.h>
| #endif
| #ifdef HAVE_INTTYPES_H
| # include <inttypes.h>
| #endif
| #ifdef HAVE_STDINT_H
| # include <stdint.h>
| #endif
| #ifdef HAVE_UNISTD_H
| # include <unistd.h>
| #endif
| int
| main ()
| {
| if (sizeof ((_Bool)))
| 	    return 0;
|   ;
|   return 0;
| }
configure:5041: result: yes
configure:5060: checking for stdint.h
configure:5060: result: yes
configure:5070: checking for uint64_t
configure:5070: gcc -std=gnu99 -c -g -O2  conftest.c >&5
configure:5070: $? = 0
configure:5070: result: yes
configure:5132: checking how to print strings
configure:5159: result: printf
configure:5180: checking for a sed that does not truncate output
configure:5244: result: /usr/bin/sed
configure:5262: checking for fgrep
configure:5324: result: /usr/bin/grep -F
configure:5359: checking for ld used by gcc -std=gnu99
configure:5426: result: /usr/x86_64-suse-linux/bin/ld
configure:5433: checking if the linker (/usr/x86_64-suse-linux/bin/ld) is GNU ld
configure:5448: result: yes
configure:5460: checking for BSD- or MS-compatible name lister (nm)
configure:5509: result: /usr/bin/nm -B
configure:5639: checking the name lister (/usr/bin/nm -B) interface
configure:5646: gcc -std=gnu99 -c -g -O2  conftest.c >&5
configure:5649: /usr/bin/nm -B "conftest.o"
configure:5652: output
0000000000000000 B some_variable
configure:5659: result: BSD nm
configure:5662: checking whether ln -s works
configure:5666: result: yes
configure:5674: checking the maximum length of command line arguments
configure:5804: result: 1572864
configure:5821: checking whether the shell understands some XSI constructs
configure:5831: result: yes
configure:5835: checking whether the shell understands "+="
configure:5841: result: yes
configure:5876: checking how to convert x86_64-suse-linux-gnu file names to x86_64-suse-linux-gnu format
configure:5916: result: func_convert_file_noop
configure:5923: checking how to convert x86_64-suse-linux-gnu file names to toolchain format
configure:5943: result: func_convert_file_noop
configure:5950: checking for /usr/x86_64-suse-linux/bin/ld option to reload object files
configure:5957: result: -r
configure:6031: checking for objdump
configure:6047: found /usr/bin/objdump
configure:6058: result: objdump
configure:6090: checking how to recognize dependent libraries
configure:6292: result: pass_all
configure:6377: checking for dlltool
configure:6407: result: no
configure:6437: checking how to associate runtime and link libraries
configure:6464: result: printf %s\n
configure:6588: checking for archiver @FILE support
configure:6605: gcc -std=gnu99 -c -g -O2  conftest.c >&5
configure:6605: $? = 0
configure:6608: ar cru libconftest.a @conftest.lst >&5
configure:6611: $? = 0
configure:6616: ar cru libconftest.a @conftest.lst >&5
ar: conftest.o: No such file or directory
configure:6619: $? = 1
configure:6631: result: @
configure:6689: checking for strip
configure:6705: found /usr/bin/strip
configure:6716: result: strip
configure:6788: checking for ranlib
configure:6804: found /usr/bin/ranlib
configure:6815: result: ranlib
configure:6917: checking command to parse /usr/bin/nm -B output from gcc -std=gnu99 object
configure:7037: gcc -std=gnu99 -c -g -O2  conftest.c >&5
configure:7040: $? = 0
configure:7044: /usr/bin/nm -B conftest.o \| sed -n -e 's/^.*[ ]\([ABCDGIRSTW][ABCDGIRSTW]*\)[ ][ ]*\([_A-Za-z][_A-Za-z0-9]*\)$/\1 \2 \2/p' | sed '/ __gnu_lto/d' \> conftest.nm
configure:7047: $? = 0
configure:7113: gcc -std=gnu99 -o conftest -g -O2   conftest.c conftstm.o >&5
configure:7116: $? = 0
configure:7154: result: ok
configure:7191: checking for sysroot
configure:7221: result: no
configure:7298: gcc -std=gnu99 -c -g -O2  conftest.c >&5
configure:7301: $? = 0
configure:7483: checking for mt
configure:7499: found /usr/bin/mt
configure:7510: result: mt
configure:7533: checking if mt is a manifest tool
configure:7539: mt '-?'
configure:7547: result: no
configure:8186: checking for dlfcn.h
configure:8186: gcc -std=gnu99 -c -g -O2  conftest.c >&5
configure:8186: $? = 0
configure:8186: result: yes
configure:8392: checking for objdir
configure:8407: result: .libs
configure:8678: checking if gcc -std=gnu99 supports -fno-rtti -fno-exceptions
configure:8696: gcc -std=gnu99 -c -g -O2  -fno-rtti -fno-exceptions conftest.c >&5
cc1: warning: command line option '-fno-rtti' is valid for C++/ObjC++ but not for C [enabled by default]
configure:8700: $? = 0
configure:8713: result: no
configure:9040: checking for gcc -std=gnu99 option to produce PIC
configure:9047: result: -fPIC -DPIC
configure:9055: checking if gcc -std=gnu99 PIC flag -fPIC -DPIC works
configure:9073: gcc -std=gnu99 -c -g -O2  -fPIC -DPIC -DPIC conftest.c >&5
configure:9077: $? = 0
configure:9090: result: yes
configure:9119: checking if gcc -std=gnu99 static flag -static works
configure:9147: result: yes
configure:9162: checking if gcc -std=gnu99 supports -c -o file.o
configure:9183: gcc -std=gnu99 -c -g -O2  -o out/conftest2.o conftest.c >&5
configure:9187: $? = 0
configure:9209: result: yes
configure:9217: checking if gcc -std=gnu99 supports -c -o file.o
configure:9264: result: yes
configure:9297: checking whether the gcc -std=gnu99 linker (/usr/x86_64-suse-linux/bin/ld -m elf_x86_64) supports shared libraries
configure:10450: result: yes
configure:10487: checking whether -lc should be explicitly linked in
configure:10495: gcc -std=gnu99 -c -g -O2  conftest.c >&5
configure:10498: $? = 0
configure:10513: gcc -std=gnu99 -shared  -fPIC -DPIC conftest.o  -v -Wl,-soname -Wl,conftest -o conftest 2\>\&1 \| /usr/bin/grep  -lc  \>/dev/null 2\>\&1
configure:10516: $? = 0
configure:10530: result: no
configure:10690: checking dynamic linker characteristics
configure:11201: gcc -std=gnu99 -o conftest -g -O2   -Wl,-rpath -Wl,/foo conftest.c  >&5
configure:11201: $? = 0
configure:11423: result: GNU/Linux ld.so
configure:11530: checking how to hardcode library paths into programs
configure:11555: result: immediate
configure:12095: checking whether stripping libraries is possible
configure:12100: result: yes
configure:12135: checking if libtool supports shared libraries
configure:12137: result: yes
configure:12140: checking whether to build shared libraries
configure:12161: result: yes
configure:12164: checking whether to build static libraries
configure:12168: result: yes
configure:12207: checking operating system
configure:12218: result: x86_64-suse-linux-gnu (Linux Compatible)
configure:13737: checking for pkg-config
configure:13755: found /usr/bin/pkg-config
configure:13767: result: /usr/bin/pkg-config
configure:13792: checking pkg-config is at least version 0.9.0
configure:13795: result: yes
configure:13806: checking for X11
configure:13813: $PKG_CONFIG --exists --print-errors "x11"
configure:13816: $? = 0
configure:13830: $PKG_CONFIG --exists --print-errors "x11"
configure:13833: $? = 0
configure:13891: result: yes
configure:13901: checking for XTST
configure:13908: $PKG_CONFIG --exists --print-errors "xtst"
configure:13911: $? = 0
configure:13925: $PKG_CONFIG --exists --print-errors "xtst"
configure:13928: $? = 0
configure:13986: result: yes
configure:13995: checking for XRecordQueryVersion in -lXtst
configure:14020: gcc -std=gnu99 -o conftest -g -O2   conftest.c -lXtst -lXtst  -lX11   -lXtst  -lX11   >&5
configure:14020: $? = 0
configure:14029: result: yes
configure:14045: checking for X11/extensions/record.h
configure:14045: gcc -std=gnu99 -c -g -O2  conftest.c >&5
configure:14045: $? = 0
configure:14045: result: yes
configure:14087: checking for XT
configure:14094: $PKG_CONFIG --exists --print-errors "xt"
configure:14097: $? = 0
configure:14111: $PKG_CONFIG --exists --print-errors "xt"
configure:14114: $? = 0
configure:14172: result: yes
configure:14295: checking for XTestQueryExtension in -lXtst
configure:14320: gcc -std=gnu99 -o conftest -g -O2   conftest.c -lXtst -lXt -lX11  -lXtst -lXtst  -lX11   -lXt -lX11  -lXtst -lXtst  -lX11   >&5
configure:14320: $? = 0
configure:14329: result: yes
configure:14334: checking for X11/extensions/XTest.h
configure:14334: gcc -std=gnu99 -c -g -O2  conftest.c >&5
configure:14334: $? = 0
configure:14334: result: yes
configure:14474: checking for XINERAMA
configure:14481: $PKG_CONFIG --exists --print-errors "xinerama"
configure:14484: $? = 0
configure:14498: $PKG_CONFIG --exists --print-errors "xinerama"
configure:14501: $? = 0
configure:14559: result: yes
configure:15009: checking for X11_XCB
configure:15016: $PKG_CONFIG --exists --print-errors "x11-xcb"
configure:15019: $? = 0
configure:15033: $PKG_CONFIG --exists --print-errors "x11-xcb"
configure:15036: $? = 0
configure:15094: result: yes
configure:15104: checking for XKBCOMMON
configure:15111: $PKG_CONFIG --exists --print-errors "xkbcommon"
configure:15114: $? = 0
configure:15128: $PKG_CONFIG --exists --print-errors "xkbcommon"
configure:15131: $? = 0
configure:15189: result: yes
configure:15199: checking for XKBCOMMON_X11
configure:15206: $PKG_CONFIG --exists --print-errors "xkbcommon-x11"
configure:15209: $? = 0
configure:15223: $PKG_CONFIG --exists --print-errors "xkbcommon-x11"
configure:15226: $? = 0
configure:15284: result: yes
configure:15308: checking for XKBFILE
configure:15315: $PKG_CONFIG --exists --print-errors "xkbfile"
configure:15318: $? = 0
configure:15332: $PKG_CONFIG --exists --print-errors "xkbfile"
configure:15335: $? = 0
configure:15393: result: yes
configure:15592: checking that generated files are newer than configure
configure:15598: result: done
configure:15645: creating ./config.status

## ---------------------- ##
## Running config.status. ##
## ---------------------- ##

This file was extended by uiohook config.status 2.0.0, which was
generated by GNU Autoconf 2.69.  Invocation command line was

  CONFIG_FILES    = 
  CONFIG_HEADERS  = 
  CONFIG_LINKS    = 
  CONFIG_COMMANDS = 
  $ ./config.status 

on slime

config.status:1142: creating pc/uiohook.pc
config.status:1142: creating Makefile
config.status:1142: creating include/config.h
config.status:1371: executing depfiles commands
config.status:1371: executing libtool commands

## ---------------- ##
## Cache variables. ##
## ---------------- ##

ac_cv_build=x86_64-suse-linux-gnu
ac_cv_c_compiler_gnu=yes
ac_cv_c_const=yes
ac_cv_c_uint64_t=yes
ac_cv_env_CC_set=
ac_cv_env_CC_value=
ac_cv_env_CFLAGS_set=
ac_cv_env_CFLAGS_value=
ac_cv_env_CPPFLAGS_set=
ac_cv_env_CPPFLAGS_value=
ac_cv_env_CPP_set=
ac_cv_env_CPP_value=
ac_cv_env_LDFLAGS_set=
ac_cv_env_LDFLAGS_value=
ac_cv_env_LIBS_set=
ac_cv_env_LIBS_value=
ac_cv_env_PKG_CONFIG_LIBDIR_set=
ac_cv_env_PKG_CONFIG_LIBDIR_value=
ac_cv_env_PKG_CONFIG_PATH_set=
ac_cv_env_PKG_CONFIG_PATH_value=
ac_cv_env_PKG_CONFIG_set=
ac_cv_env_PKG_CONFIG_value=
ac_cv_env_X11_CFLAGS_set=
ac_cv_env_X11_CFLAGS_value=
ac_cv_env_X11_LIBS_set=
ac_cv_env_X11_LIBS_value=
ac_cv_env_X11_XCB_CFLAGS_set=
ac_cv_env_X11_XCB_CFLAGS_value=
ac_cv_env_X11_XCB_LIBS_set=
ac_cv_env_X11_XCB_LIBS_value=
ac_cv_env_XF86MISC_CFLAGS_set=
ac_cv_env_XF86MISC_CFLAGS_value=
ac_cv_env_XF86MISC_LIBS_set=
ac_cv_env_XF86MISC_LIBS_value=
ac_cv_env_XINERAMA_CFLAGS_set=
ac_cv_env_XINERAMA_CFLAGS_value=
ac_cv_env_XINERAMA_LIBS_set=
ac_cv_env_XINERAMA_LIBS_value=
ac_cv_env_XKBCOMMON_CFLAGS_set=
ac_cv_env_XKBCOMMON_CFLAGS_value=
ac_cv_env_XKBCOMMON_LIBS_set=
ac_cv_env_XKBCOMMON_LIBS_value=
ac_cv_env_XKBCOMMON_X11_CFLAGS_set=
ac_cv_env_XKBCOMMON_X11_CFLAGS_value=
ac_cv_env_XKBCOMMON_X11_LIBS_set=
ac_cv_env_XKBCOMMON_X11_LIBS_value=
ac_cv_env_XKBFILE_CFLAGS_set=
ac_cv_env_XKBFILE_CFLAGS_value=
ac_cv_env_XKBFILE_LIBS_set=
ac_cv_env_XKBFILE_LIBS_value=
ac_cv_env_XRANDR_CFLAGS_set=
ac_cv_env_XRANDR_CFLAGS_value=
ac_cv_env_XRANDR_LIBS_set=
ac_cv_env_XRANDR_LIBS_value=
ac_cv_env_XTST_CFLAGS_set=
ac_cv_env_XTST_CFLAGS_value=
ac_cv_env_XTST_LIBS_set=
ac_cv_env_XTST_LIBS_value=
ac_cv_env_XT_CFLAGS_set=
ac_cv_env_XT_CFLAGS_value=
ac_cv_env_XT_LIBS_set=
ac_cv_env_XT_LIBS_value=
ac_cv_env_build_alias_set=
ac_cv_env_build_alias_value=
ac_cv_env_host_alias_set=
ac_cv_env_host_alias_value=
ac_cv_env_target_alias_set=
ac_cv_env_target_alias_value=
ac_cv_header_X11_extensions_XTest_h=yes
ac_cv_header_X11_extensions_record_h=yes
ac_cv_header_dlfcn_h=yes
ac_cv_header_inttypes_h=yes
ac_cv_header_memory_h=yes
ac_cv_header_stdbool_h=yes
ac_cv_header_stdc=yes
ac_cv_header_stdint_h=yes
ac_cv_header_stdlib_h=yes
ac_cv_header_string_h=yes
ac_cv_header_strings_h=yes
ac_cv_header_sys_stat_h=yes
ac_cv_header_sys_types_h=yes
ac_cv_header_unistd_h=yes
ac_cv_host=x86_64-suse-linux-gnu
ac_cv_lib_Xtst_XRecordQueryVersion=yes
ac_cv_lib_Xtst_XTestQueryExtension=yes
ac_cv_objext=o
ac_cv_path_EGREP='/usr/bin/grep -E'
ac_cv_path_FGREP='/usr/bin/grep -F'
ac_cv_path_GREP=/usr/bin/grep
ac_cv_path_SED=/usr/bin/sed
ac_cv_path_ac_pt_PKG_CONFIG=/usr/bin/pkg-config
ac_cv_path_install='/usr/bin/install -c'
ac_cv_path_mkdir=/usr/bin/mkdir
ac_cv_prog_AWK=gawk
ac_cv_prog_CPP='gcc -std=gnu99 -E'
ac_cv_prog_ac_ct_AR=ar
ac_cv_prog_ac_ct_CC=gcc
ac_cv_prog_ac_ct_MANIFEST_TOOL=mt
ac_cv_prog_ac_ct_OBJDUMP=objdump
ac_cv_prog_ac_ct_RANLIB=ranlib
ac_cv_prog_ac_ct_STRIP=strip
ac_cv_prog_cc_c89=
ac_cv_prog_cc_c99=-std=gnu99
ac_cv_prog_cc_g=yes
ac_cv_prog_make_make_set=yes
ac_cv_target=x86_64-suse-linux-gnu
ac_cv_type__Bool=yes
am_cv_CC_dependencies_compiler_type=gcc3
am_cv_ar_interface=ar
am_cv_make_support_nested_variables=yes
lt_cv_ar_at_file=@
lt_cv_archive_cmds_need_lc=no
lt_cv_deplibs_check_method=pass_all
lt_cv_file_magic_cmd='$MAGIC_CMD'
lt_cv_file_magic_test_file=
lt_cv_ld_reload_flag=-r
lt_cv_nm_interface='BSD nm'
lt_cv_objdir=.libs
lt_cv_path_LD=/usr/x86_64-suse-linux/bin/ld
lt_cv_path_NM='/usr/bin/nm -B'
lt_cv_path_mainfest_tool=no
lt_cv_prog_compiler_c_o=yes
lt_cv_prog_compiler_pic='-fPIC -DPIC'
lt_cv_prog_compiler_pic_works=yes
lt_cv_prog_compiler_rtti_exceptions=no
lt_cv_prog_compiler_static_works=yes
lt_cv_prog_gnu_ld=yes
lt_cv_sharedlib_from_linklib_cmd='printf %s\n'
lt_cv_shlibpath_overrides_runpath=yes
lt_cv_sys_global_symbol_pipe='sed -n -e '\''s/^.*[	 ]\([ABCDGIRSTW][ABCDGIRSTW]*\)[	 ][	 ]*\([_A-Za-z][_A-Za-z0-9]*\)$/\1 \2 \2/p'\'' | sed '\''/ __gnu_lto/d'\'''
lt_cv_sys_global_symbol_to_c_name_address='sed -n -e '\''s/^: \([^ ]*\)[ ]*$/  {\"\1\", (void *) 0},/p'\'' -e '\''s/^[ABCDGIRSTW]* \([^ ]*\) \([^ ]*\)$/  {"\2", (void *) \&\2},/p'\'''
lt_cv_sys_global_symbol_to_c_name_address_lib_prefix='sed -n -e '\''s/^: \([^ ]*\)[ ]*$/  {\"\1\", (void *) 0},/p'\'' -e '\''s/^[ABCDGIRSTW]* \([^ ]*\) \(lib[^ ]*\)$/  {"\2", (void *) \&\2},/p'\'' -e '\''s/^[ABCDGIRSTW]* \([^ ]*\) \([^ ]*\)$/  {"lib\2", (void *) \&\2},/p'\'''
lt_cv_sys_global_symbol_to_cdecl='sed -n -e '\''s/^T .* \(.*\)$/extern int \1();/p'\'' -e '\''s/^[ABCDGIRSTW]* .* \(.*\)$/extern char \1;/p'\'''
lt_cv_sys_max_cmd_len=1572864
lt_cv_to_host_file_cmd=func_convert_file_noop
lt_cv_to_tool_file_cmd=func_convert_file_noop
pkg_cv_X11_CFLAGS=
pkg_cv_X11_LIBS='-lX11 '
pkg_cv_X11_XCB_CFLAGS=
pkg_cv_X11_XCB_LIBS='-lX11-xcb -lX11 -lxcb '
pkg_cv_XINERAMA_CFLAGS=
pkg_cv_XINERAMA_LIBS='-lXinerama '
pkg_cv_XKBCOMMON_CFLAGS='-I/usr/include/pkg/libxkbcommon '
pkg_cv_XKBCOMMON_LIBS='-lxkbcommon '
pkg_cv_XKBCOMMON_X11_CFLAGS='-I/usr/include/pkg/libxkbcommon '
pkg_cv_XKBCOMMON_X11_LIBS='-lxkbcommon-x11 -lxkbcommon '
pkg_cv_XKBFILE_CFLAGS=
pkg_cv_XKBFILE_LIBS='-lxkbfile '
pkg_cv_XTST_CFLAGS=
pkg_cv_XTST_LIBS='-lXtst '
pkg_cv_XT_CFLAGS=
pkg_cv_XT_LIBS='-lXt -lX11 '

## ----------------- ##
## Output variables. ##
## ----------------- ##

ACLOCAL='${SHELL} /home/slime3251/nodejs/Project/hookStream/iohook/libuiohook/config/missing aclocal-1.13'
AMDEPBACKSLASH='\'
AMDEP_FALSE='#'
AMDEP_TRUE=''
AMTAR='$${TAR-tar}'
AM_BACKSLASH='\'
AM_DEFAULT_V='$(AM_DEFAULT_VERBOSITY)'
AM_DEFAULT_VERBOSITY='1'
AM_V='$(V)'
AR='ar'
AS=''
AUTOCONF='${SHELL} /home/slime3251/nodejs/Project/hookStream/iohook/libuiohook/config/missing autoconf'
AUTOHEADER='${SHELL} /home/slime3251/nodejs/Project/hookStream/iohook/libuiohook/config/missing autoheader'
AUTOMAKE='${SHELL} /home/slime3251/nodejs/Project/hookStream/iohook/libuiohook/config/missing automake-1.13'
AWK='gawk'
BUILD_DARWIN_FALSE=''
BUILD_DARWIN_TRUE='#'
BUILD_DEMO_FALSE=''
BUILD_DEMO_TRUE='#'
BUILD_TEST_FALSE=''
BUILD_TEST_TRUE='#'
BUILD_WINDOWS_FALSE=''
BUILD_WINDOWS_TRUE='#'
BUILD_X11_FALSE='#'
BUILD_X11_TRUE=''
CC='gcc -std=gnu99'
CCDEPMODE='depmode=gcc3'
CFLAGS='-I/usr/include/pkg/libxkbcommon   -g -O2'
CPP='gcc -std=gnu99 -E'
CPPFLAGS=''
CYGPATH_W='echo'
DEFS='-DHAVE_CONFIG_H'
DEMO_CFLAGS=''
DEMO_LIBS=''
DEPDIR='.deps'
DLLTOOL='false'
DSYMUTIL=''
DUMPBIN=''
ECHO_C=''
ECHO_N='-n'
ECHO_T=''
EGREP='/usr/bin/grep -E'
EXEEXT=''
FGREP='/usr/bin/grep -F'
GREP='/usr/bin/grep'
INSTALL_DATA='${INSTALL} -m 644'
INSTALL_PROGRAM='${INSTALL}'
INSTALL_SCRIPT='${INSTALL}'
INSTALL_STRIP_PROGRAM='$(install_sh) -c -s'
LD='/usr/x86_64-suse-linux/bin/ld -m elf_x86_64'
LDFLAGS=' -Wl,--no-undefined'
LIBOBJS=''
LIBS='-lxkbfile  -lxkbcommon-x11 -lxkbcommon  -lxkbcommon  -lX11-xcb -lX11 -lxcb  -lXinerama  -lXt -lX11  -lXtst -lXtst  -lX11  '
LIBTOOL='$(SHELL) $(top_builddir)/libtool'
LIPO=''
LN_S='ln -s'
LTLIBOBJS=''
MAKEINFO='${SHELL} /home/slime3251/nodejs/Project/hookStream/iohook/libuiohook/config/missing makeinfo'
MANIFEST_TOOL=':'
MKDIR_P='/usr/bin/mkdir -p'
NM='/usr/bin/nm -B'
NMEDIT=''
OBJDUMP='objdump'
OBJEXT='o'
OTOOL64=''
OTOOL=''
PACKAGE='uiohook'
PACKAGE_BUGREPORT='alex@1stleg.com'
PACKAGE_NAME='uiohook'
PACKAGE_STRING='uiohook 2.0.0'
PACKAGE_TARNAME='uiohook'
PACKAGE_URL=''
PACKAGE_VERSION='2.0.0'
PATH_SEPARATOR=':'
PKG_CONFIG='/usr/bin/pkg-config'
PKG_CONFIG_LIBDIR=''
PKG_CONFIG_PATH=''
PTHREAD_CC=''
PTHREAD_CFLAGS=''
PTHREAD_LIBS=''
RANLIB='ranlib'
REQUIRE=' x11 xtst xt xinerama x11-xcb xkbcommon xkbcommon-x11 xkbfile'
SED='/usr/bin/sed'
SET_MAKE=''
SHELL='/bin/sh'
STRIP='strip'
TEST_LIBS=''
VERSION='2.0.0'
X11_CFLAGS=''
X11_LIBS='-lX11 '
X11_XCB_CFLAGS=''
X11_XCB_LIBS='-lX11-xcb -lX11 -lxcb '
XF86MISC_CFLAGS=''
XF86MISC_LIBS=''
XINERAMA_CFLAGS=''
XINERAMA_LIBS='-lXinerama '
XKBCOMMON_CFLAGS='-I/usr/include/pkg/libxkbcommon '
XKBCOMMON_LIBS='-lxkbcommon '
XKBCOMMON_X11_CFLAGS='-I/usr/include/pkg/libxkbcommon '
XKBCOMMON_X11_LIBS='-lxkbcommon-x11 -lxkbcommon '
XKBFILE_CFLAGS=''
XKBFILE_LIBS='-lxkbfile '
XRANDR_CFLAGS=''
XRANDR_LIBS=''
XTST_CFLAGS=''
XTST_LIBS='-lXtst '
XT_CFLAGS=''
XT_LIBS='-lXt -lX11 '
ac_ct_AR='ar'
ac_ct_CC='gcc'
ac_ct_DUMPBIN=''
am__EXEEXT_FALSE=''
am__EXEEXT_TRUE='#'
am__fastdepCC_FALSE='#'
am__fastdepCC_TRUE=''
am__include='include'
am__isrc=''
am__leading_dot='.'
am__nodep='_no'
am__quote=''
am__tar='$${TAR-tar} chof - "$$tardir"'
am__untar='$${TAR-tar} xf -'
ax_pthread_config=''
backend='x11'
bindir='${exec_prefix}/bin'
build='x86_64-suse-linux-gnu'
build_alias=''
build_cpu='x86_64'
build_os='linux-gnu'
build_vendor='suse'
datadir='${datarootdir}'
datarootdir='${prefix}/share'
docdir='${datarootdir}/doc/${PACKAGE_TARNAME}'
dvidir='${docdir}'
exec_prefix='${prefix}'
host='x86_64-suse-linux-gnu'
host_alias=''
host_cpu='x86_64'
host_os='linux-gnu'
host_vendor='suse'
htmldir='${docdir}'
includedir='${prefix}/include'
infodir='${datarootdir}/info'
install_sh='${SHELL} /home/slime3251/nodejs/Project/hookStream/iohook/libuiohook/config/install-sh'
libdir='${exec_prefix}/lib64'
libexecdir='${exec_prefix}/lib'
localedir='${datarootdir}/locale'
localstatedir='${prefix}/var'
mandir='${datarootdir}/man'
mkdir_p='$(MKDIR_P)'
oldincludedir='/usr/include'
pdfdir='${docdir}'
prefix='/usr/local'
program_transform_name='s,x,x,'
psdir='${docdir}'
sbindir='${exec_prefix}/sbin'
sharedstatedir='${prefix}/com'
sysconfdir='${prefix}/etc'
target='x86_64-suse-linux-gnu'
target_alias=''
target_cpu='x86_64'
target_os='linux-gnu'
target_vendor='suse'

## ----------- ##
## confdefs.h. ##
## ----------- ##

/* confdefs.h */
#define PACKAGE_NAME "uiohook"
#define PACKAGE_TARNAME "uiohook"
#define PACKAGE_VERSION "2.0.0"
#define PACKAGE_STRING "uiohook 2.0.0"
#define PACKAGE_BUGREPORT "alex@1stleg.com"
#define PACKAGE_URL ""
#define PACKAGE "uiohook"
#define VERSION "2.0.0"
#define STDC_HEADERS 1
#define HAVE_SYS_TYPES_H 1
#define HAVE_SYS_STAT_H 1
#define HAVE_STDLIB_H 1
#define HAVE_STRING_H 1
#define HAVE_MEMORY_H 1
#define HAVE_STRINGS_H 1
#define HAVE_INTTYPES_H 1
#define HAVE_STDINT_H 1
#define HAVE_UNISTD_H 1
#define HAVE__BOOL 1
#define HAVE_STDBOOL_H 1
#define HAVE_STDINT_H 1
#define HAVE_DLFCN_H 1
#define LT_OBJDIR ".libs/"
#define HAVE_LIBXTST 1
#define HAVE_X11_EXTENSIONS_RECORD_H 1
#define USE_EVDEV 1
#define USE_XKB 1
#define USE_XT 1
#define HAVE_X11_EXTENSIONS_XTEST_H 1
#define USE_XTEST 1
#define USE_XINERAMA 1
#define USE_XKBCOMMON 1
#define USE_XKBFILE 1

configure: exit 0
